\BOOKMARK [1][-]{section.1}{Installation}{}% 1
\BOOKMARK [2][-]{subsection.1.1}{Voraussetzungen}{section.1}% 2
\BOOKMARK [2][-]{subsection.1.2}{Verwendete Technologien}{section.1}% 3
\BOOKMARK [2][-]{subsection.1.3}{Inbetriebnahme}{section.1}% 4
\BOOKMARK [1][-]{section.2}{Architektur}{}% 5
\BOOKMARK [2][-]{subsection.2.1}{Komponentendiagram}{section.2}% 6
\BOOKMARK [2][-]{subsection.2.2}{Sequenzdiagramm}{section.2}% 7
\BOOKMARK [1][-]{section.3}{Services}{}% 8
\BOOKMARK [2][-]{subsection.3.1}{measuremen-service}{section.3}% 9
\BOOKMARK [2][-]{subsection.3.2}{user-service}{section.3}% 10
\BOOKMARK [2][-]{subsection.3.3}{station-service}{section.3}% 11
\BOOKMARK [1][-]{section.4}{Komponenten}{}% 12
\BOOKMARK [2][-]{subsection.4.1}{Home}{section.4}% 13
\BOOKMARK [2][-]{subsection.4.2}{Header}{section.4}% 14
\BOOKMARK [2][-]{subsection.4.3}{Search}{section.4}% 15
\BOOKMARK [2][-]{subsection.4.4}{Dashboard}{section.4}% 16
\BOOKMARK [2][-]{subsection.4.5}{Measurement-Management}{section.4}% 17
\BOOKMARK [2][-]{subsection.4.6}{Station-Management}{section.4}% 18
\BOOKMARK [2][-]{subsection.4.7}{Create-Station}{section.4}% 19
\BOOKMARK [2][-]{subsection.4.8}{Station-Details}{section.4}% 20
\BOOKMARK [2][-]{subsection.4.9}{Login}{section.4}% 21
