This is pdfTeX, Version 3.14159265-2.6-1.40.19 (MiKTeX 2.9.6800 64-bit) (preloaded format=pdflatex 2018.9.4)  20 JAN 2019 14:15
entering extended mode
**./WetrWeb_Guschlbauer.tex
(WetrWeb_Guschlbauer.tex
LaTeX2e <2018-04-01> patch level 5
("D:\Program Files (x86)\MikTex\tex\latex\koma-script\scrartcl.cls"
Document Class: scrartcl 2018/03/30 v3.25 KOMA-Script document class (article)
("D:\Program Files (x86)\MikTex\tex\latex\koma-script\scrkbase.sty"
Package: scrkbase 2018/03/30 v3.25 KOMA-Script package (KOMA-Script-dependent b
asics and keyval usage)

("D:\Program Files (x86)\MikTex\tex\latex\koma-script\scrbase.sty"
Package: scrbase 2018/03/30 v3.25 KOMA-Script package (KOMA-Script-independent 
basics and keyval usage)

("D:\Program Files (x86)\MikTex\tex\latex\graphics\keyval.sty"
Package: keyval 2014/10/28 v1.15 key=value parser (DPC)
\KV@toks@=\toks14
)
("D:\Program Files (x86)\MikTex\tex\latex\koma-script\scrlfile.sty"
Package: scrlfile 2018/03/30 v3.25 KOMA-Script package (loading files)
)))
("D:\Program Files (x86)\MikTex\tex\latex\koma-script\tocbasic.sty"
Package: tocbasic 2018/03/30 v3.25 KOMA-Script package (handling toc-files)
\scr@dte@tocline@numberwidth=\skip41
\scr@dte@tocline@numbox=\box26
)
Package tocbasic Info: omitting babel extension for `toc'
(tocbasic)             because of feature `nobabel' available
(tocbasic)             for `toc' on input line 134.
Package scrartcl Info: You've used standard option `10pt'.
(scrartcl)             This is correct!
(scrartcl)             Internally I'm using `fontsize=10pt'.
(scrartcl)             If you'd like to set the option with \KOMAoptions,
(scrartcl)             you'd have to use `fontsize=10pt' there
(scrartcl)             instead of `10pt', too.
Class scrartcl Info: File `scrsize10pt.clo' used to setup font sizes on input l
ine 2114.

("D:\Program Files (x86)\MikTex\tex\latex\koma-script\scrsize10pt.clo"
File: scrsize10pt.clo 2018/03/30 v3.25 KOMA-Script font size class option (10pt
)
)
("D:\Program Files (x86)\MikTex\tex\latex\koma-script\typearea.sty"
Package: typearea 2018/03/30 v3.25 KOMA-Script package (type area)
\ta@bcor=\skip42
\ta@div=\count80
Package typearea Info: You've used standard option `a4paper'.
(typearea)             This is correct!
(typearea)             Internally I'm using `paper=a4'.
(typearea)             If you'd like to set the option with \KOMAoptions,
(typearea)             you'd have to use `paper=a4' there
(typearea)             instead of `a4paper', too.
\ta@hblk=\skip43
\ta@vblk=\skip44
\ta@temp=\skip45
\footheight=\skip46
Package typearea Info: These are the values describing the layout:
(typearea)             DIV  = 8
(typearea)             BCOR = 0.0pt
(typearea)             \paperwidth      = 597.50793pt
(typearea)              \textwidth      = 373.44246pt
(typearea)              DIV departure   = -4%
(typearea)              \evensidemargin = 39.76274pt
(typearea)              \oddsidemargin  = 39.76274pt
(typearea)             \paperheight     = 845.04694pt
(typearea)              \textheight     = 538.0pt
(typearea)              \topmargin      = 0.36087pt
(typearea)              \headheight     = 15.0pt
(typearea)              \headsep        = 18.0pt
(typearea)              \topskip        = 10.0pt
(typearea)              \footskip       = 42.0pt
(typearea)              \baselineskip   = 12.0pt
(typearea)              on input line 1706.
)
\c@part=\count81
\c@section=\count82
\c@subsection=\count83
\c@subsubsection=\count84
\c@paragraph=\count85
\c@subparagraph=\count86
\scr@dte@part@maxnumwidth=\skip47
\scr@dte@section@maxnumwidth=\skip48
\scr@dte@subsection@maxnumwidth=\skip49
\scr@dte@subsubsection@maxnumwidth=\skip50
\scr@dte@paragraph@maxnumwidth=\skip51
\scr@dte@subparagraph@maxnumwidth=\skip52
\abovecaptionskip=\skip53
\belowcaptionskip=\skip54
\c@pti@nb@sid@b@x=\box27
\scr@dte@figure@maxnumwidth=\skip55
Package tocbasic Info: omitting babel extension for `lof'
(tocbasic)             because of feature `nobabel' available
(tocbasic)             for `lof' on input line 5439.
\c@figure=\count87
\scr@dte@table@maxnumwidth=\skip56
Package tocbasic Info: omitting babel extension for `lot'
(tocbasic)             because of feature `nobabel' available
(tocbasic)             for `lot' on input line 5451.
\c@table=\count88
Class scrartcl Info: Redefining `\numberline' on input line 5615.
\bibindent=\dimen102
)
("D:\Program Files (x86)\MikTex\tex\generic\babel\babel.sty"
Package: babel 2018/06/05 3.22 The Babel package

("D:\Program Files (x86)\MikTex\tex\generic\babel\switch.def"
File: switch.def 2018/06/05 3.22 Babel switching mechanism
)
*************************************
* Local config file bblopts.cfg used
*
("D:\Program Files (x86)\MikTex\tex\latex\arabi\bblopts.cfg"
File: bblopts.cfg 2005/09/08 v0.1 add Arabic and Farsi to "declared" options of
 babel
)
("D:\Program Files (x86)\MikTex\tex\latex\babel-german\naustrian.ldf"
Language: naustrian 2018/03/29 v2.10 German support for babel (post-1996 orthog
raphy)

("D:\Program Files (x86)\MikTex\tex\latex\babel-german\ngermanb.ldf"
Language: ngermanb 2018/03/29 v2.10 German support for babel (post-1996 orthogr
aphy)

("D:\Program Files (x86)\MikTex\tex\generic\babel\babel.def"
File: babel.def 2018/06/05 3.22 Babel common definitions
\babel@savecnt=\count89
\U@D=\dimen103

("D:\Program Files (x86)\MikTex\tex\generic\babel\txtbabel.def")
\bbl@dirlevel=\count90
)
\l@naustrian = a dialect from \language\l@ngerman 
Package babel Info: Making " an active character on input line 121.
)))
("D:\Program Files (x86)\MikTex\tex\latex\base\inputenc.sty"
Package: inputenc 2018/04/06 v1.3b Input encoding file
\inpenc@prehook=\toks15
\inpenc@posthook=\toks16
)

Class scrartcl Warning: Usage of package `fancyhdr' together
(scrartcl)              with a KOMA-Script class is not recommended.
(scrartcl)              I'd suggest to use 
(scrartcl)              package `scrlayer' or `scrlayer-scrpage', because
(scrartcl)              they support KOMA-Script classes.
(scrartcl)              With `fancyhdr' several features of class `scrartcl'
(scrartcl)              like options `headsepline', `footsepline' or command
(scrartcl)              `\MakeMarkcase' and the commands `\setkomafont' and
(scrartcl)              `\addtokomafont' for the page style elements need
(scrartcl)              explicite user intervention to work.
(scrartcl)              Nevertheless, using requested
(scrartcl)              package `fancyhdr' on input line 5.

("D:\Program Files (x86)\MikTex\tex\latex\fancyhdr\fancyhdr.sty"
Package: fancyhdr 2017/06/30 v3.9a Extensive control of page headers and footer
s
\f@nch@headwidth=\skip57
\f@nch@O@elh=\skip58
\f@nch@O@erh=\skip59
\f@nch@O@olh=\skip60
\f@nch@O@orh=\skip61
\f@nch@O@elf=\skip62
\f@nch@O@erf=\skip63
\f@nch@O@olf=\skip64
\f@nch@O@orf=\skip65
)
("D:\Program Files (x86)\MikTex\tex\latex\graphics\graphicx.sty"
Package: graphicx 2017/06/01 v1.1a Enhanced LaTeX Graphics (DPC,SPQR)

("D:\Program Files (x86)\MikTex\tex\latex\graphics\graphics.sty"
Package: graphics 2017/06/25 v1.2c Standard LaTeX Graphics (DPC,SPQR)

("D:\Program Files (x86)\MikTex\tex\latex\graphics\trig.sty"
Package: trig 2016/01/03 v1.10 sin cos tan (DPC)
)
("D:\Program Files (x86)\MikTex\tex\latex\graphics-cfg\graphics.cfg"
File: graphics.cfg 2016/06/04 v1.11 sample graphics configuration
)
Package graphics Info: Driver file: pdftex.def on input line 99.

("D:\Program Files (x86)\MikTex\tex\latex\graphics-def\pdftex.def"
File: pdftex.def 2018/01/08 v1.0l Graphics/color driver for pdftex
))
\Gin@req@height=\dimen104
\Gin@req@width=\dimen105
)
("D:\Program Files (x86)\MikTex\tex\latex\pdfpages\pdfpages.sty"
Package: pdfpages 2017/10/31 v0.5l Insert pages of external PDF documents (AM)

("D:\Program Files (x86)\MikTex\tex\latex\base\ifthen.sty"
Package: ifthen 2014/09/29 v1.1c Standard LaTeX ifthen package (DPC)
)
("D:\Program Files (x86)\MikTex\tex\latex\tools\calc.sty"
Package: calc 2017/05/25 v4.3 Infix arithmetic (KKT,FJ)
\calc@Acount=\count91
\calc@Bcount=\count92
\calc@Adimen=\dimen106
\calc@Bdimen=\dimen107
\calc@Askip=\skip66
\calc@Bskip=\skip67
LaTeX Info: Redefining \setlength on input line 80.
LaTeX Info: Redefining \addtolength on input line 81.
\calc@Ccount=\count93
\calc@Cskip=\skip68
)
("D:\Program Files (x86)\MikTex\tex\latex\eso-pic\eso-pic.sty"
Package: eso-pic 2018/04/12 v2.0h eso-pic (RN)

("D:\Program Files (x86)\MikTex\tex\generic\oberdiek\atbegshi.sty"
Package: atbegshi 2016/06/09 v1.18 At begin shipout hook (HO)

("D:\Program Files (x86)\MikTex\tex\generic\oberdiek\infwarerr.sty"
Package: infwarerr 2016/05/16 v1.4 Providing info/warning/error messages (HO)
)
("D:\Program Files (x86)\MikTex\tex\generic\oberdiek\ltxcmds.sty"
Package: ltxcmds 2016/05/16 v1.23 LaTeX kernel commands for general use (HO)
)
("D:\Program Files (x86)\MikTex\tex\generic\oberdiek\ifpdf.sty"
Package: ifpdf 2017/03/15 v3.2 Provides the ifpdf switch
))
("D:\Program Files (x86)\MikTex\tex\latex\xcolor\xcolor.sty"
Package: xcolor 2016/05/11 v2.12 LaTeX color extensions (UK)

("D:\Program Files (x86)\MikTex\tex\latex\graphics-cfg\color.cfg"
File: color.cfg 2016/01/02 v1.6 sample color configuration
)
Package xcolor Info: Driver file: pdftex.def on input line 225.
Package xcolor Info: Model `cmy' substituted by `cmy0' on input line 1348.
Package xcolor Info: Model `hsb' substituted by `rgb' on input line 1352.
Package xcolor Info: Model `RGB' extended on input line 1364.
Package xcolor Info: Model `HTML' substituted by `rgb' on input line 1366.
Package xcolor Info: Model `Hsb' substituted by `hsb' on input line 1367.
Package xcolor Info: Model `tHsb' substituted by `hsb' on input line 1368.
Package xcolor Info: Model `HSB' substituted by `hsb' on input line 1369.
Package xcolor Info: Model `Gray' substituted by `gray' on input line 1370.
Package xcolor Info: Model `wave' substituted by `hsb' on input line 1371.
))
\AM@pagewidth=\dimen108
\AM@pageheight=\dimen109

("D:\Program Files (x86)\MikTex\tex\latex\pdfpages\pppdftex.def"
File: pppdftex.def 2017/10/31 v0.5l Pdfpages driver for pdfTeX (AM)
)
\AM@pagebox=\box28
\AM@global@opts=\toks17
\AM@toc@title=\toks18
\c@AM@survey=\count94
\AM@templatesizebox=\box29
)
("D:\Program Files (x86)\MikTex\tex\latex\listings\listings.sty"
\lst@mode=\count95
\lst@gtempboxa=\box30
\lst@token=\toks19
\lst@length=\count96
\lst@currlwidth=\dimen110
\lst@column=\count97
\lst@pos=\count98
\lst@lostspace=\dimen111
\lst@width=\dimen112
\lst@newlines=\count99
\lst@lineno=\count100
\lst@maxwidth=\dimen113

("D:\Program Files (x86)\MikTex\tex\latex\listings\lstmisc.sty"
File: lstmisc.sty 2015/06/04 1.6 (Carsten Heinz)
\c@lstnumber=\count101
\lst@skipnumbers=\count102
\lst@framebox=\box31
)
("D:\Program Files (x86)\MikTex\tex\latex\listings\listings.cfg"
File: listings.cfg 2015/06/04 1.6 listings configuration
))
Package: listings 2015/06/04 1.6 (Carsten Heinz)

("D:\Program Files (x86)\MikTex\tex\latex\enumitem\enumitem.sty"
Package: enumitem 2011/09/28 v3.5.2 Customized lists
\labelindent=\skip69
\enit@outerparindent=\dimen114
\enit@toks=\toks20
\enit@inbox=\box32
\enitdp@description=\count103
)
("D:\Program Files (x86)\MikTex\tex\latex\booktabs\booktabs.sty"
Package: booktabs 2005/04/14 v1.61803 publication quality tables
\heavyrulewidth=\dimen115
\lightrulewidth=\dimen116
\cmidrulewidth=\dimen117
\belowrulesep=\dimen118
\belowbottomsep=\dimen119
\aboverulesep=\dimen120
\abovetopsep=\dimen121
\cmidrulesep=\dimen122
\cmidrulekern=\dimen123
\defaultaddspace=\dimen124
\@cmidla=\count104
\@cmidlb=\count105
\@aboverulesep=\dimen125
\@belowrulesep=\dimen126
\@thisruleclass=\count106
\@lastruleclass=\count107
\@thisrulewidth=\dimen127
)
("D:\Program Files (x86)\MikTex\tex\latex\a4wide\a4wide.sty"
Package: a4wide 1994/08/30

("D:\Program Files (x86)\MikTex\tex\latex\ntgclass\a4.sty"
Package: a4 2004/04/15 v1.2g A4 based page layout
))
("D:\Program Files (x86)\MikTex\tex\latex\oberdiek\listingsutf8.sty"
Package: listingsutf8 2016/05/16 v1.3 Allow UTF-8 in listings input (HO)

("D:\Program Files (x86)\MikTex\tex\generic\oberdiek\pdftexcmds.sty"
Package: pdftexcmds 2018/01/30 v0.27 Utility functions of pdfTeX for LuaTeX (HO
)

("D:\Program Files (x86)\MikTex\tex\generic\oberdiek\ifluatex.sty"
Package: ifluatex 2016/05/16 v1.4 Provides the ifluatex switch (HO)
Package ifluatex Info: LuaTeX not detected.
)
Package pdftexcmds Info: LuaTeX not detected.
Package pdftexcmds Info: \pdf@primitive is available.
Package pdftexcmds Info: \pdf@ifprimitive is available.
Package pdftexcmds Info: \pdfdraftmode found.
)
("D:\Program Files (x86)\MikTex\tex\generic\oberdiek\stringenc.sty"
Package: stringenc 2016/05/16 v1.11 Convert strings between diff. encodings (HO
)

("D:\Program Files (x86)\MikTex\tex\generic\oberdiek\pdfescape.sty"
Package: pdfescape 2016/05/16 v1.14 Implements pdfTeX's escape features (HO)
)))
("D:\Program Files (x86)\MikTex\tex\latex\float\float.sty"
Package: float 2001/11/08 v1.3d Float enhancements (AL)
\c@float@type=\count108
\float@exts=\toks21
\float@box=\box33
\@float@everytoks=\toks22
\@floatcapt=\box34
)
("D:\Program Files (x86)\MikTex\tex\latex\hyperref\hyperref.sty"
Package: hyperref 2018/02/06 v6.86b Hypertext links for LaTeX

("D:\Program Files (x86)\MikTex\tex\generic\oberdiek\hobsub-hyperref.sty"
Package: hobsub-hyperref 2016/05/16 v1.14 Bundle oberdiek, subset hyperref (HO)


("D:\Program Files (x86)\MikTex\tex\generic\oberdiek\hobsub-generic.sty"
Package: hobsub-generic 2016/05/16 v1.14 Bundle oberdiek, subset generic (HO)
Package: hobsub 2016/05/16 v1.14 Construct package bundles (HO)
Package hobsub Info: Skipping package `infwarerr' (already loaded).
Package hobsub Info: Skipping package `ltxcmds' (already loaded).
Package hobsub Info: Skipping package `ifluatex' (already loaded).
Package: ifvtex 2016/05/16 v1.6 Detect VTeX and its facilities (HO)
Package ifvtex Info: VTeX not detected.
Package: intcalc 2016/05/16 v1.2 Expandable calculations with integers (HO)
Package hobsub Info: Skipping package `ifpdf' (already loaded).
Package: etexcmds 2016/05/16 v1.6 Avoid name clashes with e-TeX commands (HO)
Package etexcmds Info: Could not find \expanded.
(etexcmds)             That can mean that you are not using pdfTeX 1.50 or
(etexcmds)             that some package has redefined \expanded.
(etexcmds)             In the latter case, load this package earlier.
Package: kvsetkeys 2016/05/16 v1.17 Key value parser (HO)
Package: kvdefinekeys 2016/05/16 v1.4 Define keys (HO)
Package hobsub Info: Skipping package `pdftexcmds' (already loaded).
Package hobsub Info: Skipping package `pdfescape' (already loaded).
Package: bigintcalc 2016/05/16 v1.4 Expandable calculations on big integers (HO
)
Package: bitset 2016/05/16 v1.2 Handle bit-vector datatype (HO)
Package: uniquecounter 2016/05/16 v1.3 Provide unlimited unique counter (HO)
)
Package hobsub Info: Skipping package `hobsub' (already loaded).
Package: letltxmacro 2016/05/16 v1.5 Let assignment for LaTeX macros (HO)
Package: hopatch 2016/05/16 v1.3 Wrapper for package hooks (HO)
Package: xcolor-patch 2016/05/16 xcolor patch
Package: atveryend 2016/05/16 v1.9 Hooks at the very end of document (HO)
Package atveryend Info: \enddocument detected (standard20110627).
Package hobsub Info: Skipping package `atbegshi' (already loaded).
Package: refcount 2016/05/16 v3.5 Data extraction from label references (HO)
Package: hycolor 2016/05/16 v1.8 Color options for hyperref/bookmark (HO)
)
("D:\Program Files (x86)\MikTex\tex\generic\ifxetex\ifxetex.sty"
Package: ifxetex 2010/09/12 v0.6 Provides ifxetex conditional
)
("D:\Program Files (x86)\MikTex\tex\latex\oberdiek\auxhook.sty"
Package: auxhook 2016/05/16 v1.4 Hooks for auxiliary files (HO)
)
("D:\Program Files (x86)\MikTex\tex\latex\oberdiek\kvoptions.sty"
Package: kvoptions 2016/05/16 v3.12 Key value format for package options (HO)
)
\@linkdim=\dimen128
\Hy@linkcounter=\count109
\Hy@pagecounter=\count110

("D:\Program Files (x86)\MikTex\tex\latex\hyperref\pd1enc.def"
File: pd1enc.def 2018/02/06 v6.86b Hyperref: PDFDocEncoding definition (HO)
Now handling font encoding PD1 ...
... no UTF-8 mapping file for font encoding PD1
)
\Hy@SavedSpaceFactor=\count111

("D:\Program Files (x86)\MikTex\tex\latex\00miktex\hyperref.cfg"
File: hyperref.cfg 2002/06/06 v1.2 hyperref configuration of TeXLive
)
Package hyperref Info: Hyper figures OFF on input line 4509.
Package hyperref Info: Link nesting OFF on input line 4514.
Package hyperref Info: Hyper index ON on input line 4517.
Package hyperref Info: Plain pages OFF on input line 4524.
Package hyperref Info: Backreferencing OFF on input line 4529.
Package hyperref Info: Implicit mode ON; LaTeX internals redefined.
Package hyperref Info: Bookmarks ON on input line 4762.
\c@Hy@tempcnt=\count112

("D:\Program Files (x86)\MikTex\tex\latex\url\url.sty"
\Urlmuskip=\muskip10
Package: url 2013/09/16  ver 3.4  Verb mode for urls, etc.
)
LaTeX Info: Redefining \url on input line 5115.
\XeTeXLinkMargin=\dimen129
\Fld@menulength=\count113
\Field@Width=\dimen130
\Fld@charsize=\dimen131
Package hyperref Info: Hyper figures OFF on input line 6369.
Package hyperref Info: Link nesting OFF on input line 6374.
Package hyperref Info: Hyper index ON on input line 6377.
Package hyperref Info: backreferencing OFF on input line 6384.
Package hyperref Info: Link coloring OFF on input line 6389.
Package hyperref Info: Link coloring with OCG OFF on input line 6394.
Package hyperref Info: PDF/A mode OFF on input line 6399.
LaTeX Info: Redefining \ref on input line 6439.
LaTeX Info: Redefining \pageref on input line 6443.
\Hy@abspage=\count114
\c@Item=\count115
\c@Hfootnote=\count116
)
Package hyperref Info: Driver (autodetected): hpdftex.

("D:\Program Files (x86)\MikTex\tex\latex\hyperref\hpdftex.def"
File: hpdftex.def 2018/02/06 v6.86b Hyperref driver for pdfTeX
\Fld@listcount=\count117
\c@bookmark@seq@number=\count118

("D:\Program Files (x86)\MikTex\tex\latex\oberdiek\rerunfilecheck.sty"
Package: rerunfilecheck 2016/05/16 v1.8 Rerun checks for auxiliary files (HO)
Package uniquecounter Info: New unique counter `rerunfilecheck' on input line 2
82.
)
\Hy@SectionHShift=\skip70
)

LaTeX Warning: Unused global option(s):
    [margin=0pt].

(WetrWeb_Guschlbauer.aux)
\openout1 = `WetrWeb_Guschlbauer.aux'.

LaTeX Font Info:    Checking defaults for OML/cmm/m/it on input line 35.
LaTeX Font Info:    ... okay on input line 35.
LaTeX Font Info:    Checking defaults for T1/cmr/m/n on input line 35.
LaTeX Font Info:    ... okay on input line 35.
LaTeX Font Info:    Checking defaults for OT1/cmr/m/n on input line 35.
LaTeX Font Info:    ... okay on input line 35.
LaTeX Font Info:    Checking defaults for OMS/cmsy/m/n on input line 35.
LaTeX Font Info:    ... okay on input line 35.
LaTeX Font Info:    Checking defaults for OMX/cmex/m/n on input line 35.
LaTeX Font Info:    ... okay on input line 35.
LaTeX Font Info:    Checking defaults for U/cmr/m/n on input line 35.
LaTeX Font Info:    ... okay on input line 35.
LaTeX Font Info:    Checking defaults for PD1/pdf/m/n on input line 35.
LaTeX Font Info:    ... okay on input line 35.

("D:\Program Files (x86)\MikTex\tex\context\base\supp-pdf.mkii"
[Loading MPS to PDF converter (version 2006.09.02).]
\scratchcounter=\count119
\scratchdimen=\dimen132
\scratchbox=\box35
\nofMPsegments=\count120
\nofMParguments=\count121
\everyMPshowfont=\toks23
\MPscratchCnt=\count122
\MPscratchDim=\dimen133
\MPnumerator=\count123
\makeMPintoPDFobject=\count124
\everyMPtoPDFconversion=\toks24
) ("D:\Program Files (x86)\MikTex\tex\latex\oberdiek\epstopdf-base.sty"
Package: epstopdf-base 2016/05/15 v2.6 Base part for package epstopdf

("D:\Program Files (x86)\MikTex\tex\latex\oberdiek\grfext.sty"
Package: grfext 2016/05/16 v1.2 Manage graphics extensions (HO)
)
Package epstopdf-base Info: Redefining graphics rule for `.eps' on input line 4
38.
Package grfext Info: Graphics extension search list:
(grfext)             [.pdf,.png,.jpg,.mps,.jpeg,.jbig2,.jb2,.PDF,.PNG,.JPG,.JPE
G,.JBIG2,.JB2,.eps]
(grfext)             \AppendGraphicsExtensions on input line 456.
)
\AtBeginShipoutBox=\box36

("D:\Program Files (x86)\MikTex\tex\latex\oberdiek\pdflscape.sty"
Package: pdflscape 2016/05/14 v0.11 Display of landscape pages in PDF (HO)

("D:\Program Files (x86)\MikTex\tex\latex\graphics\lscape.sty"
Package: lscape 2000/10/22 v3.01 Landscape Pages (DPC)
)
Package pdflscape Info: Auto-detected driver: pdftex on input line 81.
)
\c@lstlisting=\count125
Package hyperref Info: Link coloring OFF on input line 35.

("D:\Program Files (x86)\MikTex\tex\latex\hyperref\nameref.sty"
Package: nameref 2016/05/21 v2.44 Cross-referencing by name of section

("D:\Program Files (x86)\MikTex\tex\generic\oberdiek\gettitlestring.sty"
Package: gettitlestring 2016/05/16 v1.5 Cleanup title references (HO)
)
\c@section@level=\count126
)
LaTeX Info: Redefining \ref on input line 35.
LaTeX Info: Redefining \pageref on input line 35.
LaTeX Info: Redefining \nameref on input line 35.

(WetrWeb_Guschlbauer.out) (WetrWeb_Guschlbauer.out)
\@outlinefile=\write3
\openout3 = `WetrWeb_Guschlbauer.out'.

<Projekt-SWK5-WEA5-VZ.pdf, id=87, 597.19112pt x 845.19763pt>
File: Projekt-SWK5-WEA5-VZ.pdf Graphic file (type pdf)
<use Projekt-SWK5-WEA5-VZ.pdf>
Package pdftex.def Info: Projekt-SWK5-WEA5-VZ.pdf  used on input line 37.
(pdftex.def)             Requested size: 597.18967pt x 845.19557pt.
File: Projekt-SWK5-WEA5-VZ.pdf Graphic file (type pdf)
<use Projekt-SWK5-WEA5-VZ.pdf>
Package pdftex.def Info: Projekt-SWK5-WEA5-VZ.pdf  used on input line 37.
(pdftex.def)             Requested size: 597.18967pt x 845.19557pt.
<Projekt-SWK5-WEA5-VZ.pdf, id=90, page=1, 597.19112pt x 845.19763pt>
File: Projekt-SWK5-WEA5-VZ.pdf Graphic file (type pdf)
<use Projekt-SWK5-WEA5-VZ.pdf, page 1>
Package pdftex.def Info: Projekt-SWK5-WEA5-VZ.pdf , page1 used on input line 37
.
(pdftex.def)             Requested size: 597.18967pt x 845.19557pt.
File: Projekt-SWK5-WEA5-VZ.pdf Graphic file (type pdf)
<use Projekt-SWK5-WEA5-VZ.pdf, page 1>
Package pdftex.def Info: Projekt-SWK5-WEA5-VZ.pdf , page1 used on input line 37
.
(pdftex.def)             Requested size: 597.217pt x 845.23425pt.
File: Projekt-SWK5-WEA5-VZ.pdf Graphic file (type pdf)
<use Projekt-SWK5-WEA5-VZ.pdf, page 1>
Package pdftex.def Info: Projekt-SWK5-WEA5-VZ.pdf , page1 used on input line 37
.
(pdftex.def)             Requested size: 597.217pt x 845.23425pt.
File: Projekt-SWK5-WEA5-VZ.pdf Graphic file (type pdf)
<use Projekt-SWK5-WEA5-VZ.pdf, page 1>
Package pdftex.def Info: Projekt-SWK5-WEA5-VZ.pdf , page1 used on input line 37
.
(pdftex.def)             Requested size: 597.217pt x 845.23425pt.
File: Projekt-SWK5-WEA5-VZ.pdf Graphic file (type pdf)
<use Projekt-SWK5-WEA5-VZ.pdf, page 1>
Package pdftex.def Info: Projekt-SWK5-WEA5-VZ.pdf , page1 used on input line 37
.
(pdftex.def)             Requested size: 597.217pt x 845.23425pt.
Package babel Info: Redefining ngerman shorthand "|
(babel)             in language  on input line 37.
Package babel Info: Redefining ngerman shorthand "~
(babel)             in language  on input line 37.
Package babel Info: Redefining ngerman shorthand "|
(babel)             in language  on input line 37.
Package babel Info: Redefining ngerman shorthand "~
(babel)             in language  on input line 37.
 [1

 <./Projekt-SWK5-WEA5-VZ.pdf>]
<Projekt-SWK5-WEA5-VZ.pdf, id=155, page=2, 597.19112pt x 845.19763pt>
File: Projekt-SWK5-WEA5-VZ.pdf Graphic file (type pdf)
<use Projekt-SWK5-WEA5-VZ.pdf, page 2>
Package pdftex.def Info: Projekt-SWK5-WEA5-VZ.pdf , page2 used on input line 37
.
(pdftex.def)             Requested size: 597.217pt x 845.23425pt.
File: Projekt-SWK5-WEA5-VZ.pdf Graphic file (type pdf)
<use Projekt-SWK5-WEA5-VZ.pdf, page 2>
Package pdftex.def Info: Projekt-SWK5-WEA5-VZ.pdf , page2 used on input line 37
.
(pdftex.def)             Requested size: 597.217pt x 845.23425pt.
File: Projekt-SWK5-WEA5-VZ.pdf Graphic file (type pdf)
<use Projekt-SWK5-WEA5-VZ.pdf, page 2>
Package pdftex.def Info: Projekt-SWK5-WEA5-VZ.pdf , page2 used on input line 37
.
(pdftex.def)             Requested size: 597.217pt x 845.23425pt.
Package babel Info: Redefining ngerman shorthand "|
(babel)             in language  on input line 37.
Package babel Info: Redefining ngerman shorthand "~
(babel)             in language  on input line 37.
Package babel Info: Redefining ngerman shorthand "|
(babel)             in language  on input line 37.
Package babel Info: Redefining ngerman shorthand "~
(babel)             in language  on input line 37.
 [2 <./Projekt-SWK5-WEA5-VZ.pdf>]
<Projekt-SWK5-WEA5-VZ.pdf, id=169, page=3, 597.19112pt x 845.19763pt>
File: Projekt-SWK5-WEA5-VZ.pdf Graphic file (type pdf)
<use Projekt-SWK5-WEA5-VZ.pdf, page 3>
Package pdftex.def Info: Projekt-SWK5-WEA5-VZ.pdf , page3 used on input line 37
.
(pdftex.def)             Requested size: 597.217pt x 845.23425pt.
File: Projekt-SWK5-WEA5-VZ.pdf Graphic file (type pdf)
<use Projekt-SWK5-WEA5-VZ.pdf, page 3>
Package pdftex.def Info: Projekt-SWK5-WEA5-VZ.pdf , page3 used on input line 37
.
(pdftex.def)             Requested size: 597.217pt x 845.23425pt.
File: Projekt-SWK5-WEA5-VZ.pdf Graphic file (type pdf)
<use Projekt-SWK5-WEA5-VZ.pdf, page 3>
Package pdftex.def Info: Projekt-SWK5-WEA5-VZ.pdf , page3 used on input line 37
.
(pdftex.def)             Requested size: 597.217pt x 845.23425pt.
Package babel Info: Redefining ngerman shorthand "|
(babel)             in language  on input line 37.
Package babel Info: Redefining ngerman shorthand "~
(babel)             in language  on input line 37.
Package babel Info: Redefining ngerman shorthand "|
(babel)             in language  on input line 37.
Package babel Info: Redefining ngerman shorthand "~
(babel)             in language  on input line 37.
 [3 <./Projekt-SWK5-WEA5-VZ.pdf>]
<Projekt-SWK5-WEA5-VZ.pdf, id=180, page=4, 597.19112pt x 845.19763pt>
File: Projekt-SWK5-WEA5-VZ.pdf Graphic file (type pdf)
<use Projekt-SWK5-WEA5-VZ.pdf, page 4>
Package pdftex.def Info: Projekt-SWK5-WEA5-VZ.pdf , page4 used on input line 37
.
(pdftex.def)             Requested size: 597.217pt x 845.23425pt.
File: Projekt-SWK5-WEA5-VZ.pdf Graphic file (type pdf)
<use Projekt-SWK5-WEA5-VZ.pdf, page 4>
Package pdftex.def Info: Projekt-SWK5-WEA5-VZ.pdf , page4 used on input line 37
.
(pdftex.def)             Requested size: 597.217pt x 845.23425pt.
File: Projekt-SWK5-WEA5-VZ.pdf Graphic file (type pdf)
<use Projekt-SWK5-WEA5-VZ.pdf, page 4>
Package pdftex.def Info: Projekt-SWK5-WEA5-VZ.pdf , page4 used on input line 37
.
(pdftex.def)             Requested size: 597.217pt x 845.23425pt.
Package babel Info: Redefining ngerman shorthand "|
(babel)             in language  on input line 37.
Package babel Info: Redefining ngerman shorthand "~
(babel)             in language  on input line 37.
Package babel Info: Redefining ngerman shorthand "|
(babel)             in language  on input line 37.
Package babel Info: Redefining ngerman shorthand "~
(babel)             in language  on input line 37.

[4 <./Projekt-SWK5-WEA5-VZ.pdf>]
<Projekt-SWK5-WEA5-VZ.pdf, id=186, page=5, 597.19112pt x 845.19763pt>
File: Projekt-SWK5-WEA5-VZ.pdf Graphic file (type pdf)
<use Projekt-SWK5-WEA5-VZ.pdf, page 5>
Package pdftex.def Info: Projekt-SWK5-WEA5-VZ.pdf , page5 used on input line 37
.
(pdftex.def)             Requested size: 597.217pt x 845.23425pt.
File: Projekt-SWK5-WEA5-VZ.pdf Graphic file (type pdf)
<use Projekt-SWK5-WEA5-VZ.pdf, page 5>
Package pdftex.def Info: Projekt-SWK5-WEA5-VZ.pdf , page5 used on input line 37
.
(pdftex.def)             Requested size: 597.217pt x 845.23425pt.
File: Projekt-SWK5-WEA5-VZ.pdf Graphic file (type pdf)
<use Projekt-SWK5-WEA5-VZ.pdf, page 5>
Package pdftex.def Info: Projekt-SWK5-WEA5-VZ.pdf , page5 used on input line 37
.
(pdftex.def)             Requested size: 597.217pt x 845.23425pt.
Package babel Info: Redefining ngerman shorthand "|
(babel)             in language  on input line 37.
Package babel Info: Redefining ngerman shorthand "~
(babel)             in language  on input line 37.
Package babel Info: Redefining ngerman shorthand "|
(babel)             in language  on input line 37.
Package babel Info: Redefining ngerman shorthand "~
(babel)             in language  on input line 37.
 [5 <./Projekt-SWK5-WEA5-VZ.pdf>]
Package babel Info: Redefining ngerman shorthand "|
(babel)             in language  on input line 38.
Package babel Info: Redefining ngerman shorthand "~
(babel)             in language  on input line 38.
Package babel Info: Redefining ngerman shorthand "|
(babel)             in language  on input line 39.
Package babel Info: Redefining ngerman shorthand "~
(babel)             in language  on input line 39.
LaTeX Font Info:    Try loading font information for OMS+cmr on input line 41.

("D:\Program Files (x86)\MikTex\tex\latex\base\omscmr.fd"
File: omscmr.fd 2014/09/29 v2.5h Standard LaTeX font definitions
)
LaTeX Font Info:    Font shape `OMS/cmr/m/n' in size <10> not available
(Font)              Font shape `OMS/cmsy/m/n' tried instead on input line 41.
Package babel Info: Redefining ngerman shorthand "|
(babel)             in language  on input line 44.
Package babel Info: Redefining ngerman shorthand "~
(babel)             in language  on input line 44.
Package babel Info: Redefining ngerman shorthand "|
(babel)             in language  on input line 50.
Package babel Info: Redefining ngerman shorthand "~
(babel)             in language  on input line 50.
LaTeX Font Info:    External font `cmex10' loaded for size
(Font)              <7> on input line 51.
LaTeX Font Info:    External font `cmex10' loaded for size
(Font)              <5> on input line 51.

Underfull \hbox (badness 10000) in paragraph at lines 51--56

 []


Underfull \hbox (badness 10000) in paragraph at lines 51--56

 []

Package babel Info: Redefining ngerman shorthand "|
(babel)             in language  on input line 56.
Package babel Info: Redefining ngerman shorthand "~
(babel)             in language  on input line 56.
Package babel Info: Redefining ngerman shorthand "|
(babel)             in language  on input line 56.
Package babel Info: Redefining ngerman shorthand "~
(babel)             in language  on input line 56.
[6{C:/Users/sgusc/AppData/Local/MiKTeX/2.9/pdftex/config/pdftex.map}]
Package babel Info: Redefining ngerman shorthand "|
(babel)             in language  on input line 56.
Package babel Info: Redefining ngerman shorthand "~
(babel)             in language  on input line 56.
Package babel Info: Redefining ngerman shorthand "|
(babel)             in language  on input line 57.
Package babel Info: Redefining ngerman shorthand "~
(babel)             in language  on input line 57.
<./architecture/components.jpg, id=210, 1064.97874pt x 693.59125pt>
File: ./architecture/components.jpg Graphic file (type jpg)
<use ./architecture/components.jpg>
Package pdftex.def Info: ./architecture/components.jpg  used on input line 59.
(pdftex.def)             Requested size: 424.58624pt x 276.52141pt.
Package babel Info: Redefining ngerman shorthand "|
(babel)             in language  on input line 63.
Package babel Info: Redefining ngerman shorthand "~
(babel)             in language  on input line 63.
Package babel Info: Redefining ngerman shorthand "|
(babel)             in language  on input line 63.
Package babel Info: Redefining ngerman shorthand "~
(babel)             in language  on input line 63.
 [7 <./architecture/components.jpg>]
Package babel Info: Redefining ngerman shorthand "|
(babel)             in language  on input line 63.
Package babel Info: Redefining ngerman shorthand "~
(babel)             in language  on input line 63.
<./architecture/sequence.jpg, id=216, 858.20625pt x 686.565pt>
File: ./architecture/sequence.jpg Graphic file (type jpg)
<use ./architecture/sequence.jpg>
Package pdftex.def Info: ./architecture/sequence.jpg  used on input line 66.
(pdftex.def)             Requested size: 424.58624pt x 339.66739pt.
Package babel Info: Redefining ngerman shorthand "|
(babel)             in language  on input line 70.
Package babel Info: Redefining ngerman shorthand "~
(babel)             in language  on input line 70.
Package babel Info: Redefining ngerman shorthand "|
(babel)             in language  on input line 70.
Package babel Info: Redefining ngerman shorthand "~
(babel)             in language  on input line 70.
 [8 <./architecture/sequence.jpg>]
Package babel Info: Redefining ngerman shorthand "|
(babel)             in language  on input line 70.
Package babel Info: Redefining ngerman shorthand "~
(babel)             in language  on input line 70.
Package babel Info: Redefining ngerman shorthand "|
(babel)             in language  on input line 72.
Package babel Info: Redefining ngerman shorthand "~
(babel)             in language  on input line 72.
Package babel Info: Redefining ngerman shorthand "|
(babel)             in language  on input line 81.
Package babel Info: Redefining ngerman shorthand "~
(babel)             in language  on input line 81.
Package babel Info: Redefining ngerman shorthand "|
(babel)             in language  on input line 87.
Package babel Info: Redefining ngerman shorthand "~
(babel)             in language  on input line 87.
Package babel Info: Redefining ngerman shorthand "|
(babel)             in language  on input line 87.
Package babel Info: Redefining ngerman shorthand "~
(babel)             in language  on input line 87.
 [9]
Package babel Info: Redefining ngerman shorthand "|
(babel)             in language  on input line 87.
Package babel Info: Redefining ngerman shorthand "~
(babel)             in language  on input line 87.
Package babel Info: Redefining ngerman shorthand "|
(babel)             in language  on input line 108.
Package babel Info: Redefining ngerman shorthand "~
(babel)             in language  on input line 108.
Package babel Info: Redefining ngerman shorthand "|
(babel)             in language  on input line 108.
Package babel Info: Redefining ngerman shorthand "~
(babel)             in language  on input line 108.
 [10]
Package babel Info: Redefining ngerman shorthand "|
(babel)             in language  on input line 108.
Package babel Info: Redefining ngerman shorthand "~
(babel)             in language  on input line 108.
Package babel Info: Redefining ngerman shorthand "|
(babel)             in language  on input line 109.
Package babel Info: Redefining ngerman shorthand "~
(babel)             in language  on input line 109.
<./img/home.jpg, id=229, 1445.4pt x 782.925pt>
File: ./img/home.jpg Graphic file (type jpg)
<use ./img/home.jpg>
Package pdftex.def Info: ./img/home.jpg  used on input line 112.
(pdftex.def)             Requested size: 424.58624pt x 229.98126pt.
Package babel Info: Redefining ngerman shorthand "|
(babel)             in language  on input line 115.
Package babel Info: Redefining ngerman shorthand "~
(babel)             in language  on input line 115.
Package babel Info: Redefining ngerman shorthand "|
(babel)             in language  on input line 118.
Package babel Info: Redefining ngerman shorthand "~
(babel)             in language  on input line 118.
Package babel Info: Redefining ngerman shorthand "|
(babel)             in language  on input line 118.
Package babel Info: Redefining ngerman shorthand "~
(babel)             in language  on input line 118.
 [11 <./img/home.jpg>]
Package babel Info: Redefining ngerman shorthand "|
(babel)             in language  on input line 118.
Package babel Info: Redefining ngerman shorthand "~
(babel)             in language  on input line 118.
<./img/suche.jpg, id=234, 246.9225pt x 359.84438pt>
File: ./img/suche.jpg Graphic file (type jpg)
<use ./img/suche.jpg>
Package pdftex.def Info: ./img/suche.jpg  used on input line 121.
(pdftex.def)             Requested size: 123.46094pt x 179.92174pt.
Package babel Info: Redefining ngerman shorthand "|
(babel)             in language  on input line 124.
Package babel Info: Redefining ngerman shorthand "~
(babel)             in language  on input line 124.
<./img/dashboard.jpg, id=235, 1445.4pt x 782.925pt>
File: ./img/dashboard.jpg Graphic file (type jpg)
<use ./img/dashboard.jpg>
Package pdftex.def Info: ./img/dashboard.jpg  used on input line 127.
(pdftex.def)             Requested size: 424.58624pt x 229.98126pt.
Package babel Info: Redefining ngerman shorthand "|
(babel)             in language  on input line 130.
Package babel Info: Redefining ngerman shorthand "~
(babel)             in language  on input line 130.
<./img/messung.jpg, id=236, 1445.4pt x 782.925pt>
File: ./img/messung.jpg Graphic file (type jpg)
<use ./img/messung.jpg>
Package pdftex.def Info: ./img/messung.jpg  used on input line 133.
(pdftex.def)             Requested size: 424.58624pt x 229.98126pt.
Package babel Info: Redefining ngerman shorthand "|
(babel)             in language  on input line 135.
Package babel Info: Redefining ngerman shorthand "~
(babel)             in language  on input line 135.
Package babel Info: Redefining ngerman shorthand "|
(babel)             in language  on input line 135.
Package babel Info: Redefining ngerman shorthand "~
(babel)             in language  on input line 135.
 [12 <./img/suche.jpg> <./img/dashboard.jpg>]
<./img/messung1.jpg, id=241, 721.94719pt x 96.36pt>
File: ./img/messung1.jpg Graphic file (type jpg)
<use ./img/messung1.jpg>
Package pdftex.def Info: ./img/messung1.jpg  used on input line 137.
(pdftex.def)             Requested size: 424.58624pt x 56.67104pt.
Package babel Info: Redefining ngerman shorthand "|
(babel)             in language  on input line 141.
Package babel Info: Redefining ngerman shorthand "~
(babel)             in language  on input line 141.
Package babel Info: Redefining ngerman shorthand "|
(babel)             in language  on input line 141.
Package babel Info: Redefining ngerman shorthand "~
(babel)             in language  on input line 141.
 [13 <./img/messung.jpg> <./img/messung1.jpg>]
Package babel Info: Redefining ngerman shorthand "|
(babel)             in language  on input line 141.
Package babel Info: Redefining ngerman shorthand "~
(babel)             in language  on input line 141.
<./img/station-management.jpg, id=247, 1445.4pt x 782.925pt>
File: ./img/station-management.jpg Graphic file (type jpg)
<use ./img/station-management.jpg>
Package pdftex.def Info: ./img/station-management.jpg  used on input line 144.
(pdftex.def)             Requested size: 424.58624pt x 229.98126pt.
Package babel Info: Redefining ngerman shorthand "|
(babel)             in language  on input line 147.
Package babel Info: Redefining ngerman shorthand "~
(babel)             in language  on input line 147.
<./img/station-add.jpg, id=248, 1445.4pt x 782.925pt>
File: ./img/station-add.jpg Graphic file (type jpg)
<use ./img/station-add.jpg>
Package pdftex.def Info: ./img/station-add.jpg  used on input line 150.
(pdftex.def)             Requested size: 424.58624pt x 229.98126pt.
Package babel Info: Redefining ngerman shorthand "|
(babel)             in language  on input line 153.
Package babel Info: Redefining ngerman shorthand "~
(babel)             in language  on input line 153.
<./img/station-detail.jpg, id=249, 1445.4pt x 782.925pt>
File: ./img/station-detail.jpg Graphic file (type jpg)
<use ./img/station-detail.jpg>
Package pdftex.def Info: ./img/station-detail.jpg  used on input line 156.
(pdftex.def)             Requested size: 424.58624pt x 229.98126pt.
Package babel Info: Redefining ngerman shorthand "|
(babel)             in language  on input line 158.
Package babel Info: Redefining ngerman shorthand "~
(babel)             in language  on input line 158.
Package babel Info: Redefining ngerman shorthand "|
(babel)             in language  on input line 158.
Package babel Info: Redefining ngerman shorthand "~
(babel)             in language  on input line 158.
 [14 <./img/station-management.jpg> <./img/station-add.jpg>]
<./img/station-detail1.jpg, id=254, 1445.4pt x 782.925pt>
File: ./img/station-detail1.jpg Graphic file (type jpg)
<use ./img/station-detail1.jpg>
Package pdftex.def Info: ./img/station-detail1.jpg  used on input line 161.
(pdftex.def)             Requested size: 424.58624pt x 229.98126pt.
Package babel Info: Redefining ngerman shorthand "|
(babel)             in language  on input line 164.
Package babel Info: Redefining ngerman shorthand "~
(babel)             in language  on input line 164.
<./img/login.jpg, id=255, 1445.4pt x 782.925pt>
File: ./img/login.jpg Graphic file (type jpg)
<use ./img/login.jpg>
Package pdftex.def Info: ./img/login.jpg  used on input line 167.
(pdftex.def)             Requested size: 424.58624pt x 229.98126pt.
Package babel Info: Redefining ngerman shorthand "|
(babel)             in language  on input line 169.
Package babel Info: Redefining ngerman shorthand "~
(babel)             in language  on input line 169.
Package babel Info: Redefining ngerman shorthand "|
(babel)             in language  on input line 169.
Package babel Info: Redefining ngerman shorthand "~
(babel)             in language  on input line 169.
 [15 <./img/station-detail.jpg> <./img/station-detail1.jpg>]
Package atveryend Info: Empty hook `BeforeClearDocument' on input line 170.
Package babel Info: Redefining ngerman shorthand "|
(babel)             in language  on input line 170.
Package babel Info: Redefining ngerman shorthand "~
(babel)             in language  on input line 170.
Package babel Info: Redefining ngerman shorthand "|
(babel)             in language  on input line 170.
Package babel Info: Redefining ngerman shorthand "~
(babel)             in language  on input line 170.
 [16 <./img/login.jpg>]
Package atveryend Info: Empty hook `AfterLastShipout' on input line 170.
 (WetrWeb_Guschlbauer.aux)
Package atveryend Info: Executing hook `AtVeryEndDocument' on input line 170.
Package atveryend Info: Executing hook `AtEndAfterFileList' on input line 170.
Package rerunfilecheck Info: File `WetrWeb_Guschlbauer.out' has not changed.
(rerunfilecheck)             Checksum: 100432ECB4A1265D3865017F6F0539D9;1277.
Package atveryend Info: Empty hook `AtVeryVeryEnd' on input line 170.
 ) 
Here is how much of TeX's memory you used:
 10979 strings out of 492973
 175833 string characters out of 3135053
 375994 words of memory out of 3000000
 14654 multiletter control sequences out of 15000+200000
 5649 words of font info for 21 fonts, out of 3000000 for 9000
 1141 hyphenation exceptions out of 8191
 43i,18n,51p,9129b,480s stack positions out of 5000i,500n,10000p,200000b,50000s
<D:/Program Files (x86)/MikTex/fonts/type1/public/amsfonts/cm/cmbx10.pfb><D:/
Program Files (x86)/MikTex/fonts/type1/public/amsfonts/cm/cmr10.pfb><D:/Program
 Files (x86)/MikTex/fonts/type1/public/amsfonts/cm/cmssbx10.pfb><D:/Program Fil
es (x86)/MikTex/fonts/type1/public/amsfonts/cm/cmsy10.pfb><D:/Program Files (x8
6)/MikTex/fonts/type1/public/amsfonts/cm/cmti10.pfb><D:/Program Files (x86)/Mik
Tex/fonts/type1/public/amsfonts/cm/cmtt10.pfb>
Output written on WetrWeb_Guschlbauer.pdf (16 pages, 2803591 bytes).
PDF statistics:
 296 PDF objects out of 1000 (max. 8388607)
 38 named destinations out of 1000 (max. 500000)
 269 words of extra memory for PDF output out of 10000 (max. 10000000)

